\BOOKMARK [0][-]{chapter.1}{\376\377\0001\000\040\000T\000r\000a\000b\000a\000l\000h\000o\000\040\0002\000\040\000d\000e\000\040\000E\000s\000t\000r\000u\000t\000u\000r\000a\000\040\000d\000e\000\040\000D\000a\000d\000o\000s}{}% 1
\BOOKMARK [0][-]{chapter.2}{\376\377\0002\000\040\000\315\000n\000d\000i\000c\000e\000\040\000d\000o\000s\000\040\000n\000a\000m\000e\000s\000p\000a\000c\000e\000s}{}% 2
\BOOKMARK [1][-]{section.2.1}{\376\377\0002\000.\0001\000\040\000L\000i\000s\000t\000a\000\040\000d\000e\000\040\000n\000a\000m\000e\000s\000p\000a\000c\000e\000s}{chapter.2}% 3
\BOOKMARK [0][-]{chapter.3}{\376\377\0003\000\040\000\315\000n\000d\000i\000c\000e\000\040\000d\000o\000s\000\040\000c\000o\000m\000p\000o\000n\000e\000n\000t\000e\000s}{}% 4
\BOOKMARK [1][-]{section.3.1}{\376\377\0003\000.\0001\000\040\000L\000i\000s\000t\000a\000\040\000d\000e\000\040\000c\000o\000m\000p\000o\000n\000e\000n\000t\000e\000s}{chapter.3}% 5
\BOOKMARK [0][-]{chapter.4}{\376\377\0004\000\040\000\315\000n\000d\000i\000c\000e\000\040\000d\000o\000s\000\040\000f\000i\000c\000h\000e\000i\000r\000o\000s}{}% 6
\BOOKMARK [1][-]{section.4.1}{\376\377\0004\000.\0001\000\040\000L\000i\000s\000t\000a\000\040\000d\000e\000\040\000f\000i\000c\000h\000e\000i\000r\000o\000s}{chapter.4}% 7
\BOOKMARK [0][-]{chapter.5}{\376\377\0005\000\040\000D\000o\000c\000u\000m\000e\000n\000t\000a\000\347\000\343\000o\000\040\000d\000o\000s\000\040\000n\000a\000m\000e\000s\000p\000a\000c\000e\000s}{}% 8
\BOOKMARK [1][-]{section.5.1}{\376\377\0005\000.\0001\000\040\000R\000e\000f\000e\000r\000\352\000n\000c\000i\000a\000\040\000a\000o\000\040\000n\000a\000m\000e\000s\000p\000a\000c\000e\000\040\000s\000t\000r\000u\000c\000t\000u\000r\000e\000s}{chapter.5}% 9
\BOOKMARK [2][-]{subsection.5.1.1}{\376\377\0005\000.\0001\000.\0001\000\040\000D\000e\000s\000c\000r\000i\000\347\000\343\000o\000\040\000d\000e\000t\000a\000l\000h\000a\000d\000a}{section.5.1}% 10
\BOOKMARK [2][-]{subsection.5.1.2}{\376\377\0005\000.\0001\000.\0002\000\040\000D\000o\000c\000u\000m\000e\000n\000t\000a\000\347\000\343\000o\000\040\000d\000a\000s\000\040\000f\000u\000n\000\347\000\365\000e\000s}{section.5.1}% 11
\BOOKMARK [3][-]{subsubsection.5.1.2.1}{\376\377\0005\000.\0001\000.\0002\000.\0001\000\040\000i\000n\000i\000t\000i\000\050\000\051}{subsection.5.1.2}% 12
\BOOKMARK [3][-]{subsubsection.5.1.2.2}{\376\377\0005\000.\0001\000.\0002\000.\0002\000\040\000i\000n\000s\000e\000r\000t\000\050\000\051}{subsection.5.1.2}% 13
\BOOKMARK [0][-]{chapter.6}{\376\377\0006\000\040\000D\000o\000c\000u\000m\000e\000n\000t\000a\000\347\000\343\000o\000\040\000d\000a\000\040\000c\000l\000a\000s\000s\000e}{}% 14
\BOOKMARK [1][-]{section.6.1}{\376\377\0006\000.\0001\000\040\000R\000e\000f\000e\000r\000\352\000n\000c\000i\000a\000\040\000\340\000\040\000e\000s\000t\000r\000u\000t\000u\000r\000a\000\040\000s\000t\000r\000u\000c\000t\000u\000r\000e\000s\000:\000:\000N\000o\000T\000r\000i\000e}{chapter.6}% 15
\BOOKMARK [2][-]{subsection.6.1.1}{\376\377\0006\000.\0001\000.\0001\000\040\000D\000e\000s\000c\000r\000i\000\347\000\343\000o\000\040\000d\000e\000t\000a\000l\000h\000a\000d\000a}{section.6.1}% 16
\BOOKMARK [2][-]{subsection.6.1.2}{\376\377\0006\000.\0001\000.\0002\000\040\000D\000o\000c\000u\000m\000e\000n\000t\000a\000\347\000\343\000o\000\040\000d\000o\000s\000\040\000d\000a\000d\000o\000s\000\040\000m\000e\000m\000b\000r\000o}{section.6.1}% 17
\BOOKMARK [3][-]{subsubsection.6.1.2.1}{\376\377\0006\000.\0001\000.\0002\000.\0001\000\040\000f\000i\000l\000h\000o\000s}{subsection.6.1.2}% 18
\BOOKMARK [3][-]{subsubsection.6.1.2.2}{\376\377\0006\000.\0001\000.\0002\000.\0002\000\040\000p\000o\000s}{subsection.6.1.2}% 19
\BOOKMARK [3][-]{subsubsection.6.1.2.3}{\376\377\0006\000.\0001\000.\0002\000.\0003\000\040\000s\000i\000z\000e}{subsection.6.1.2}% 20
\BOOKMARK [0][-]{chapter.7}{\376\377\0007\000\040\000D\000o\000c\000u\000m\000e\000n\000t\000a\000\347\000\343\000o\000\040\000d\000o\000\040\000f\000i\000c\000h\000e\000i\000r\000o}{}% 21
\BOOKMARK [1][-]{section.7.1}{\376\377\0007\000.\0001\000\040\000R\000e\000f\000e\000r\000\352\000n\000c\000i\000a\000\040\000a\000o\000\040\000f\000i\000c\000h\000e\000i\000r\000o\000\040\000d\000i\000c\000.\000h}{chapter.7}% 22
\BOOKMARK [2][-]{subsection.7.1.1}{\376\377\0007\000.\0001\000.\0001\000\040\000D\000o\000c\000u\000m\000e\000n\000t\000a\000\347\000\343\000o\000\040\000d\000a\000s\000\040\000f\000u\000n\000\347\000\365\000e\000s}{section.7.1}% 23
\BOOKMARK [3][-]{subsubsection.7.1.1.1}{\376\377\0007\000.\0001\000.\0001\000.\0001\000\040\000p\000a\000r\000s\000e\000D\000i\000c\000t\000\050\000\051}{subsection.7.1.1}% 24
\BOOKMARK [2][-]{subsection.7.1.2}{\376\377\0007\000.\0001\000.\0002\000\040\000D\000o\000c\000u\000m\000e\000n\000t\000a\000\347\000\343\000o\000\040\000d\000a\000s\000\040\000v\000a\000r\000i\000\341\000v\000e\000i\000s}{section.7.1}% 25
\BOOKMARK [3][-]{subsubsection.7.1.2.1}{\376\377\0007\000.\0001\000.\0002\000.\0001\000\040\000n\000e\000x\000t\000P\000o\000s}{subsection.7.1.2}% 26
\BOOKMARK [1][-]{section.7.2}{\376\377\0007\000.\0002\000\040\000R\000e\000f\000e\000r\000\352\000n\000c\000i\000a\000\040\000a\000o\000\040\000f\000i\000c\000h\000e\000i\000r\000o\000\040\000m\000a\000i\000n\000.\000c\000p\000p}{chapter.7}% 27
\BOOKMARK [2][-]{subsection.7.2.1}{\376\377\0007\000.\0002\000.\0001\000\040\000D\000o\000c\000u\000m\000e\000n\000t\000a\000\347\000\343\000o\000\040\000d\000a\000s\000\040\000f\000u\000n\000\347\000\365\000e\000s}{section.7.2}% 28
\BOOKMARK [3][-]{subsubsection.7.2.1.1}{\376\377\0007\000.\0002\000.\0001\000.\0001\000\040\000m\000a\000i\000n\000\050\000\051}{subsection.7.2.1}% 29
\BOOKMARK [3][-]{subsubsection.7.2.1.2}{\376\377\0007\000.\0002\000.\0001\000.\0002\000\040\000o\000u\000t\000p\000u\000t\000R\000e\000s\000u\000l\000t\000s\000\050\000\051}{subsection.7.2.1}% 30
\BOOKMARK [1][-]{section.7.3}{\376\377\0007\000.\0003\000\040\000R\000e\000f\000e\000r\000\352\000n\000c\000i\000a\000\040\000a\000o\000\040\000f\000i\000c\000h\000e\000i\000r\000o\000\040\000R\000E\000A\000D\000M\000E\000.\000m\000d}{chapter.7}% 31
\BOOKMARK [1][-]{section.7.4}{\376\377\0007\000.\0004\000\040\000R\000e\000f\000e\000r\000\352\000n\000c\000i\000a\000\040\000a\000o\000\040\000f\000i\000c\000h\000e\000i\000r\000o\000\040\000t\000r\000i\000e\000.\000h}{chapter.7}% 32
\BOOKMARK [1][-]{section.7.5}{\376\377\0007\000.\0005\000\040\000R\000e\000f\000e\000r\000\352\000n\000c\000i\000a\000\040\000a\000o\000\040\000f\000i\000c\000h\000e\000i\000r\000o\000\040\000t\000r\000i\000e\000.\000i\000n\000c}{chapter.7}% 33
\BOOKMARK [2][-]{subsection.7.5.1}{\376\377\0007\000.\0005\000.\0001\000\040\000D\000o\000c\000u\000m\000e\000n\000t\000a\000\347\000\343\000o\000\040\000d\000a\000s\000\040\000f\000u\000n\000\347\000\365\000e\000s}{section.7.5}% 34
\BOOKMARK [3][-]{subsubsection.7.5.1.1}{\376\377\0007\000.\0005\000.\0001\000.\0001\000\040\000c\000o\000u\000n\000t\000S\000u\000f\000i\000x\000e\000s\000\050\000\051}{subsection.7.5.1}% 35
\BOOKMARK [3][-]{subsubsection.7.5.1.2}{\376\377\0007\000.\0005\000.\0001\000.\0002\000\040\000f\000i\000n\000d\000\050\000\051}{subsection.7.5.1}% 36
\BOOKMARK [3][-]{subsubsection.7.5.1.3}{\376\377\0007\000.\0005\000.\0001\000.\0003\000\040\000i\000n\000i\000t\000\050\000\051}{subsection.7.5.1}% 37
\BOOKMARK [3][-]{subsubsection.7.5.1.4}{\376\377\0007\000.\0005\000.\0001\000.\0004\000\040\000i\000n\000s\000e\000r\000t\000\050\000\051}{subsection.7.5.1}% 38
\BOOKMARK [0][-]{section*.12}{\376\377\000\315\000n\000d\000i\000c\000e}{}% 39
